The target system is: Linux -  - aarch64
The host system is: Linux - 4.15.0-45-generic - x86_64
Compiling the C compiler identification source file "CMakeCCompilerId.c" succeeded.
Compiler: /opt/poky-agl/4.99.2/sysroots/x86_64-aglsdk-linux/usr/bin/aarch64-agl-linux/aarch64-agl-linux-gcc --sysroot=/opt/poky-agl/4.99.2/sysroots/aarch64-agl-linux
Build flags: ;-O2;-pipe
Id flags: 

The output was:
0


Compilation of the C compiler identification source "CMakeCCompilerId.c" produced "a.out"

The C compiler identification is GNU, found in "/4T/proj/github/johnxu/updatedraw/arm/CMakeFiles/3.7.2/CompilerIdC/a.out"

Compiling the CXX compiler identification source file "CMakeCXXCompilerId.cpp" succeeded.
Compiler: /opt/poky-agl/4.99.2/sysroots/x86_64-aglsdk-linux/usr/bin/aarch64-agl-linux/aarch64-agl-linux-g++ --sysroot=/opt/poky-agl/4.99.2/sysroots/aarch64-agl-linux
Build flags: 
Id flags: 

The output was:
0


Compilation of the CXX compiler identification source "CMakeCXXCompilerId.cpp" produced "a.out"

The CXX compiler identification is GNU, found in "/4T/proj/github/johnxu/updatedraw/arm/CMakeFiles/3.7.2/CompilerIdCXX/a.out"

Determining if the C compiler works passed with the following output:
Change Dir: /4T/proj/github/johnxu/updatedraw/arm/CMakeFiles/CMakeTmp

Run Build Command:"/usr/bin/make" "cmTC_06398/fast"
/usr/bin/make -f CMakeFiles/cmTC_06398.dir/build.make CMakeFiles/cmTC_06398.dir/build
make[1]: Entering directory '/4T/proj/github/johnxu/updatedraw/arm/CMakeFiles/CMakeTmp'
Building C object CMakeFiles/cmTC_06398.dir/testCCompiler.c.o
/opt/poky-agl/4.99.2/sysroots/x86_64-aglsdk-linux/usr/bin/aarch64-agl-linux/aarch64-agl-linux-gcc   --sysroot=/opt/poky-agl/4.99.2/sysroots/aarch64-agl-linux   -O2 -pipe    -o CMakeFiles/cmTC_06398.dir/testCCompiler.c.o   -c /4T/proj/github/johnxu/updatedraw/arm/CMakeFiles/CMakeTmp/testCCompiler.c
Linking C executable cmTC_06398
/opt/poky-agl/4.99.2/sysroots/x86_64-aglsdk-linux/usr/bin/cmake -E cmake_link_script CMakeFiles/cmTC_06398.dir/link.txt --verbose=1
/opt/poky-agl/4.99.2/sysroots/x86_64-aglsdk-linux/usr/bin/aarch64-agl-linux/aarch64-agl-linux-gcc   --sysroot=/opt/poky-agl/4.99.2/sysroots/aarch64-agl-linux  -O2 -pipe   -Wl,-O1  CMakeFiles/cmTC_06398.dir/testCCompiler.c.o  -o cmTC_06398 -rdynamic 
make[1]: Leaving directory '/4T/proj/github/johnxu/updatedraw/arm/CMakeFiles/CMakeTmp'


Detecting C compiler ABI info compiled with the following output:
Change Dir: /4T/proj/github/johnxu/updatedraw/arm/CMakeFiles/CMakeTmp

Run Build Command:"/usr/bin/make" "cmTC_de986/fast"
/usr/bin/make -f CMakeFiles/cmTC_de986.dir/build.make CMakeFiles/cmTC_de986.dir/build
make[1]: Entering directory '/4T/proj/github/johnxu/updatedraw/arm/CMakeFiles/CMakeTmp'
Building C object CMakeFiles/cmTC_de986.dir/CMakeCCompilerABI.c.o
/opt/poky-agl/4.99.2/sysroots/x86_64-aglsdk-linux/usr/bin/aarch64-agl-linux/aarch64-agl-linux-gcc   --sysroot=/opt/poky-agl/4.99.2/sysroots/aarch64-agl-linux   -O2 -pipe    -o CMakeFiles/cmTC_de986.dir/CMakeCCompilerABI.c.o   -c /opt/poky-agl/4.99.2/sysroots/x86_64-aglsdk-linux/usr/share/cmake-3.7/Modules/CMakeCCompilerABI.c
Linking C executable cmTC_de986
/opt/poky-agl/4.99.2/sysroots/x86_64-aglsdk-linux/usr/bin/cmake -E cmake_link_script CMakeFiles/cmTC_de986.dir/link.txt --verbose=1
/opt/poky-agl/4.99.2/sysroots/x86_64-aglsdk-linux/usr/bin/aarch64-agl-linux/aarch64-agl-linux-gcc   --sysroot=/opt/poky-agl/4.99.2/sysroots/aarch64-agl-linux  -O2 -pipe   -Wl,-O1 -v CMakeFiles/cmTC_de986.dir/CMakeCCompilerABI.c.o  -o cmTC_de986 -rdynamic  
Using built-in specs.
COLLECT_GCC=/opt/poky-agl/4.99.2/sysroots/x86_64-aglsdk-linux/usr/bin/aarch64-agl-linux/aarch64-agl-linux-gcc
COLLECT_LTO_WRAPPER=/opt/poky-agl/4.99.2/sysroots/x86_64-aglsdk-linux/usr/libexec/aarch64-agl-linux/gcc/aarch64-agl-linux/5.4.0/lto-wrapper
Target: aarch64-agl-linux
Configured with: ../../../../../../work-shared/gcc-5.4.0-r0/gcc-5.4.0/configure --build=x86_64-linux --host=x86_64-aglsdk-linux --target=aarch64-agl-linux --prefix=/opt/poky-agl/4.99.2/sysroots/x86_64-aglsdk-linux/usr --exec_prefix=/opt/poky-agl/4.99.2/sysroots/x86_64-aglsdk-linux/usr --bindir=/opt/poky-agl/4.99.2/sysroots/x86_64-aglsdk-linux/usr/bin/aarch64-agl-linux --sbindir=/opt/poky-agl/4.99.2/sysroots/x86_64-aglsdk-linux/usr/bin/aarch64-agl-linux --libexecdir=/opt/poky-agl/4.99.2/sysroots/x86_64-aglsdk-linux/usr/libexec/aarch64-agl-linux --datadir=/opt/poky-agl/4.99.2/sysroots/x86_64-aglsdk-linux/usr/share --sysconfdir=/opt/poky-agl/4.99.2/sysroots/x86_64-aglsdk-linux/etc --sharedstatedir=/opt/poky-agl/4.99.2/sysroots/x86_64-aglsdk-linux/com --localstatedir=/opt/poky-agl/4.99.2/sysroots/x86_64-aglsdk-linux/var --libdir=/opt/poky-agl/4.99.2/sysroots/x86_64-aglsdk-linux/usr/lib/aarch64-agl-linux --includedir=/opt/poky-agl/4.99.2/sysroots/x86_64-aglsdk-linux/usr/include --oldincludedir=/opt/poky-agl/4.99.2/sysroots/x86_64-aglsdk-linux/usr/include --infodir=/opt/poky-agl/4.99.2/sysroots/x86_64-aglsdk-linux/usr/share/info --mandir=/opt/poky-agl/4.99.2/sysroots/x86_64-aglsdk-linux/usr/share/man --disable-silent-rules --disable-dependency-tracking --with-libtool-sysroot=/ssd/proj/mce-fts03/apq8096ad_yocto2.3_vt6104b_headway/poky/build/tmp-glibc/work/x86_64-nativesdk-aglsdk-linux/gcc-cross-canadian-aarch64/5.4.0-r0/recipe-sysroot --with-gnu-ld --enable-shared --enable-languages=c,c++ --enable-threads=posix --enable-multilib --enable-c99 --enable-long-long --enable-symvers=gnu --enable-libstdcxx-pch --program-prefix=aarch64-agl-linux- --without-local-prefix --enable-lto --enable-libssp --enable-libitm --disable-bootstrap --disable-libmudflap --with-system-zlib --with-linker-hash-style=gnu --enable-linker-build-id --with-ppl=no --with-cloog=no --enable-checking=release --enable-cheaders=c_global --without-isl --with-gxx-include-dir=/not/exist/usr/include/c++/5.4.0 --with-build-time-tools=/ssd/proj/mce-fts03/apq8096ad_yocto2.3_vt6104b_headway/poky/build/tmp-glibc/work/x86_64-nativesdk-aglsdk-linux/gcc-cross-canadian-aarch64/5.4.0-r0/recipe-sysroot-native/usr/aarch64-agl-linux/bin --with-sysroot=/not/exist --with-build-sysroot=/ssd/proj/mce-fts03/apq8096ad_yocto2.3_vt6104b_headway/poky/build/tmp-glibc/work/x86_64-nativesdk-aglsdk-linux/gcc-cross-canadian-aarch64/5.4.0-r0/recipe-sysroot --without-long-double-128 --enable-poison-system-directories --with-mpfr=/ssd/proj/mce-fts03/apq8096ad_yocto2.3_vt6104b_headway/poky/build/tmp-glibc/work/x86_64-nativesdk-aglsdk-linux/gcc-cross-canadian-aarch64/5.4.0-r0/recipe-sysroot --with-mpc=/ssd/proj/mce-fts03/apq8096ad_yocto2.3_vt6104b_headway/poky/build/tmp-glibc/work/x86_64-nativesdk-aglsdk-linux/gcc-cross-canadian-aarch64/5.4.0-r0/recipe-sysroot --enable-nls --enable-initfini-array --enable-__cxa_atexit
Thread model: posix
gcc version 5.4.0 (GCC) 
COMPILER_PATH=/opt/poky-agl/4.99.2/sysroots/x86_64-aglsdk-linux/usr/libexec/aarch64-agl-linux/gcc/aarch64-agl-linux/5.4.0/:/opt/poky-agl/4.99.2/sysroots/x86_64-aglsdk-linux/usr/libexec/aarch64-agl-linux/gcc/aarch64-agl-linux/5.4.0/:/opt/poky-agl/4.99.2/sysroots/x86_64-aglsdk-linux/usr/libexec/aarch64-agl-linux/gcc/aarch64-agl-linux/:/opt/poky-agl/4.99.2/sysroots/x86_64-aglsdk-linux/usr/lib/aarch64-agl-linux/gcc/aarch64-agl-linux/5.4.0/:/opt/poky-agl/4.99.2/sysroots/x86_64-aglsdk-linux/usr/lib/aarch64-agl-linux/gcc/aarch64-agl-linux/
LIBRARY_PATH=/opt/poky-agl/4.99.2/sysroots/x86_64-aglsdk-linux/usr/lib/aarch64-agl-linux/gcc/aarch64-agl-linux/5.4.0/:/opt/poky-agl/4.99.2/sysroots/aarch64-agl-linux/lib64/:/opt/poky-agl/4.99.2/sysroots/aarch64-agl-linux/usr/lib64/aarch64-agl-linux/5.4.0/:/opt/poky-agl/4.99.2/sysroots/aarch64-agl-linux/usr/lib64/
COLLECT_GCC_OPTIONS='--sysroot=/opt/poky-agl/4.99.2/sysroots/aarch64-agl-linux' '-O2' '-pipe' '-v' '-o' 'cmTC_de986' '-rdynamic' '-mlittle-endian' '-mabi=lp64'
 /opt/poky-agl/4.99.2/sysroots/x86_64-aglsdk-linux/usr/libexec/aarch64-agl-linux/gcc/aarch64-agl-linux/5.4.0/collect2 -plugin /opt/poky-agl/4.99.2/sysroots/x86_64-aglsdk-linux/usr/libexec/aarch64-agl-linux/gcc/aarch64-agl-linux/5.4.0/liblto_plugin.so -plugin-opt=/opt/poky-agl/4.99.2/sysroots/x86_64-aglsdk-linux/usr/libexec/aarch64-agl-linux/gcc/aarch64-agl-linux/5.4.0/lto-wrapper -plugin-opt=-fresolution=/tmp/ccmEk8MH.res -plugin-opt=-pass-through=-lgcc -plugin-opt=-pass-through=-lgcc_s -plugin-opt=-pass-through=-lc -plugin-opt=-pass-through=-lgcc -plugin-opt=-pass-through=-lgcc_s --sysroot=/opt/poky-agl/4.99.2/sysroots/aarch64-agl-linux --build-id --eh-frame-hdr --hash-style=gnu -export-dynamic -dynamic-linker /lib64/ld-linux-aarch64.so.1 -X -EL -maarch64linux -o cmTC_de986 /opt/poky-agl/4.99.2/sysroots/aarch64-agl-linux/usr/lib64/crt1.o /opt/poky-agl/4.99.2/sysroots/aarch64-agl-linux/usr/lib64/crti.o /opt/poky-agl/4.99.2/sysroots/aarch64-agl-linux/usr/lib64/aarch64-agl-linux/5.4.0/crtbegin.o -L/opt/poky-agl/4.99.2/sysroots/x86_64-aglsdk-linux/usr/lib/aarch64-agl-linux/gcc/aarch64-agl-linux/5.4.0 -L/opt/poky-agl/4.99.2/sysroots/aarch64-agl-linux/lib64 -L/opt/poky-agl/4.99.2/sysroots/aarch64-agl-linux/usr/lib64/aarch64-agl-linux/5.4.0 -L/opt/poky-agl/4.99.2/sysroots/aarch64-agl-linux/usr/lib64 -O1 CMakeFiles/cmTC_de986.dir/CMakeCCompilerABI.c.o -lgcc --as-needed -lgcc_s --no-as-needed -lc -lgcc --as-needed -lgcc_s --no-as-needed /opt/poky-agl/4.99.2/sysroots/aarch64-agl-linux/usr/lib64/aarch64-agl-linux/5.4.0/crtend.o /opt/poky-agl/4.99.2/sysroots/aarch64-agl-linux/usr/lib64/crtn.o
make[1]: Leaving directory '/4T/proj/github/johnxu/updatedraw/arm/CMakeFiles/CMakeTmp'


Parsed C implicit link information from above output:
  link line regex: [^( *|.*[/\])(aarch64-agl-linux-ld|([^/\]+-)?ld|collect2)[^/\]*( |$)]
  ignore line: [Change Dir: /4T/proj/github/johnxu/updatedraw/arm/CMakeFiles/CMakeTmp]
  ignore line: []
  ignore line: [Run Build Command:"/usr/bin/make" "cmTC_de986/fast"]
  ignore line: [/usr/bin/make -f CMakeFiles/cmTC_de986.dir/build.make CMakeFiles/cmTC_de986.dir/build]
  ignore line: [make[1]: Entering directory '/4T/proj/github/johnxu/updatedraw/arm/CMakeFiles/CMakeTmp']
  ignore line: [Building C object CMakeFiles/cmTC_de986.dir/CMakeCCompilerABI.c.o]
  ignore line: [/opt/poky-agl/4.99.2/sysroots/x86_64-aglsdk-linux/usr/bin/aarch64-agl-linux/aarch64-agl-linux-gcc   --sysroot=/opt/poky-agl/4.99.2/sysroots/aarch64-agl-linux   -O2 -pipe    -o CMakeFiles/cmTC_de986.dir/CMakeCCompilerABI.c.o   -c /opt/poky-agl/4.99.2/sysroots/x86_64-aglsdk-linux/usr/share/cmake-3.7/Modules/CMakeCCompilerABI.c]
  ignore line: [Linking C executable cmTC_de986]
  ignore line: [/opt/poky-agl/4.99.2/sysroots/x86_64-aglsdk-linux/usr/bin/cmake -E cmake_link_script CMakeFiles/cmTC_de986.dir/link.txt --verbose=1]
  ignore line: [/opt/poky-agl/4.99.2/sysroots/x86_64-aglsdk-linux/usr/bin/aarch64-agl-linux/aarch64-agl-linux-gcc   --sysroot=/opt/poky-agl/4.99.2/sysroots/aarch64-agl-linux  -O2 -pipe   -Wl,-O1 -v CMakeFiles/cmTC_de986.dir/CMakeCCompilerABI.c.o  -o cmTC_de986 -rdynamic  ]
  ignore line: [Using built-in specs.]
  ignore line: [COLLECT_GCC=/opt/poky-agl/4.99.2/sysroots/x86_64-aglsdk-linux/usr/bin/aarch64-agl-linux/aarch64-agl-linux-gcc]
  ignore line: [COLLECT_LTO_WRAPPER=/opt/poky-agl/4.99.2/sysroots/x86_64-aglsdk-linux/usr/libexec/aarch64-agl-linux/gcc/aarch64-agl-linux/5.4.0/lto-wrapper]
  ignore line: [Target: aarch64-agl-linux]
  ignore line: [Configured with: ../../../../../../work-shared/gcc-5.4.0-r0/gcc-5.4.0/configure --build=x86_64-linux --host=x86_64-aglsdk-linux --target=aarch64-agl-linux --prefix=/opt/poky-agl/4.99.2/sysroots/x86_64-aglsdk-linux/usr --exec_prefix=/opt/poky-agl/4.99.2/sysroots/x86_64-aglsdk-linux/usr --bindir=/opt/poky-agl/4.99.2/sysroots/x86_64-aglsdk-linux/usr/bin/aarch64-agl-linux --sbindir=/opt/poky-agl/4.99.2/sysroots/x86_64-aglsdk-linux/usr/bin/aarch64-agl-linux --libexecdir=/opt/poky-agl/4.99.2/sysroots/x86_64-aglsdk-linux/usr/libexec/aarch64-agl-linux --datadir=/opt/poky-agl/4.99.2/sysroots/x86_64-aglsdk-linux/usr/share --sysconfdir=/opt/poky-agl/4.99.2/sysroots/x86_64-aglsdk-linux/etc --sharedstatedir=/opt/poky-agl/4.99.2/sysroots/x86_64-aglsdk-linux/com --localstatedir=/opt/poky-agl/4.99.2/sysroots/x86_64-aglsdk-linux/var --libdir=/opt/poky-agl/4.99.2/sysroots/x86_64-aglsdk-linux/usr/lib/aarch64-agl-linux --includedir=/opt/poky-agl/4.99.2/sysroots/x86_64-aglsdk-linux/usr/include --oldincludedir=/opt/poky-agl/4.99.2/sysroots/x86_64-aglsdk-linux/usr/include --infodir=/opt/poky-agl/4.99.2/sysroots/x86_64-aglsdk-linux/usr/share/info --mandir=/opt/poky-agl/4.99.2/sysroots/x86_64-aglsdk-linux/usr/share/man --disable-silent-rules --disable-dependency-tracking --with-libtool-sysroot=/ssd/proj/mce-fts03/apq8096ad_yocto2.3_vt6104b_headway/poky/build/tmp-glibc/work/x86_64-nativesdk-aglsdk-linux/gcc-cross-canadian-aarch64/5.4.0-r0/recipe-sysroot --with-gnu-ld --enable-shared --enable-languages=c,c++ --enable-threads=posix --enable-multilib --enable-c99 --enable-long-long --enable-symvers=gnu --enable-libstdcxx-pch --program-prefix=aarch64-agl-linux- --without-local-prefix --enable-lto --enable-libssp --enable-libitm --disable-bootstrap --disable-libmudflap --with-system-zlib --with-linker-hash-style=gnu --enable-linker-build-id --with-ppl=no --with-cloog=no --enable-checking=release --enable-cheaders=c_global --without-isl --with-gxx-include-dir=/not/exist/usr/include/c++/5.4.0 --with-build-time-tools=/ssd/proj/mce-fts03/apq8096ad_yocto2.3_vt6104b_headway/poky/build/tmp-glibc/work/x86_64-nativesdk-aglsdk-linux/gcc-cross-canadian-aarch64/5.4.0-r0/recipe-sysroot-native/usr/aarch64-agl-linux/bin --with-sysroot=/not/exist --with-build-sysroot=/ssd/proj/mce-fts03/apq8096ad_yocto2.3_vt6104b_headway/poky/build/tmp-glibc/work/x86_64-nativesdk-aglsdk-linux/gcc-cross-canadian-aarch64/5.4.0-r0/recipe-sysroot --without-long-double-128 --enable-poison-system-directories --with-mpfr=/ssd/proj/mce-fts03/apq8096ad_yocto2.3_vt6104b_headway/poky/build/tmp-glibc/work/x86_64-nativesdk-aglsdk-linux/gcc-cross-canadian-aarch64/5.4.0-r0/recipe-sysroot --with-mpc=/ssd/proj/mce-fts03/apq8096ad_yocto2.3_vt6104b_headway/poky/build/tmp-glibc/work/x86_64-nativesdk-aglsdk-linux/gcc-cross-canadian-aarch64/5.4.0-r0/recipe-sysroot --enable-nls --enable-initfini-array --enable-__cxa_atexit]
  ignore line: [Thread model: posix]
  ignore line: [gcc version 5.4.0 (GCC) ]
  ignore line: [COMPILER_PATH=/opt/poky-agl/4.99.2/sysroots/x86_64-aglsdk-linux/usr/libexec/aarch64-agl-linux/gcc/aarch64-agl-linux/5.4.0/:/opt/poky-agl/4.99.2/sysroots/x86_64-aglsdk-linux/usr/libexec/aarch64-agl-linux/gcc/aarch64-agl-linux/5.4.0/:/opt/poky-agl/4.99.2/sysroots/x86_64-aglsdk-linux/usr/libexec/aarch64-agl-linux/gcc/aarch64-agl-linux/:/opt/poky-agl/4.99.2/sysroots/x86_64-aglsdk-linux/usr/lib/aarch64-agl-linux/gcc/aarch64-agl-linux/5.4.0/:/opt/poky-agl/4.99.2/sysroots/x86_64-aglsdk-linux/usr/lib/aarch64-agl-linux/gcc/aarch64-agl-linux/]
  ignore line: [LIBRARY_PATH=/opt/poky-agl/4.99.2/sysroots/x86_64-aglsdk-linux/usr/lib/aarch64-agl-linux/gcc/aarch64-agl-linux/5.4.0/:/opt/poky-agl/4.99.2/sysroots/aarch64-agl-linux/lib64/:/opt/poky-agl/4.99.2/sysroots/aarch64-agl-linux/usr/lib64/aarch64-agl-linux/5.4.0/:/opt/poky-agl/4.99.2/sysroots/aarch64-agl-linux/usr/lib64/]
  ignore line: [COLLECT_GCC_OPTIONS='--sysroot=/opt/poky-agl/4.99.2/sysroots/aarch64-agl-linux' '-O2' '-pipe' '-v' '-o' 'cmTC_de986' '-rdynamic' '-mlittle-endian' '-mabi=lp64']
  link line: [ /opt/poky-agl/4.99.2/sysroots/x86_64-aglsdk-linux/usr/libexec/aarch64-agl-linux/gcc/aarch64-agl-linux/5.4.0/collect2 -plugin /opt/poky-agl/4.99.2/sysroots/x86_64-aglsdk-linux/usr/libexec/aarch64-agl-linux/gcc/aarch64-agl-linux/5.4.0/liblto_plugin.so -plugin-opt=/opt/poky-agl/4.99.2/sysroots/x86_64-aglsdk-linux/usr/libexec/aarch64-agl-linux/gcc/aarch64-agl-linux/5.4.0/lto-wrapper -plugin-opt=-fresolution=/tmp/ccmEk8MH.res -plugin-opt=-pass-through=-lgcc -plugin-opt=-pass-through=-lgcc_s -plugin-opt=-pass-through=-lc -plugin-opt=-pass-through=-lgcc -plugin-opt=-pass-through=-lgcc_s --sysroot=/opt/poky-agl/4.99.2/sysroots/aarch64-agl-linux --build-id --eh-frame-hdr --hash-style=gnu -export-dynamic -dynamic-linker /lib64/ld-linux-aarch64.so.1 -X -EL -maarch64linux -o cmTC_de986 /opt/poky-agl/4.99.2/sysroots/aarch64-agl-linux/usr/lib64/crt1.o /opt/poky-agl/4.99.2/sysroots/aarch64-agl-linux/usr/lib64/crti.o /opt/poky-agl/4.99.2/sysroots/aarch64-agl-linux/usr/lib64/aarch64-agl-linux/5.4.0/crtbegin.o -L/opt/poky-agl/4.99.2/sysroots/x86_64-aglsdk-linux/usr/lib/aarch64-agl-linux/gcc/aarch64-agl-linux/5.4.0 -L/opt/poky-agl/4.99.2/sysroots/aarch64-agl-linux/lib64 -L/opt/poky-agl/4.99.2/sysroots/aarch64-agl-linux/usr/lib64/aarch64-agl-linux/5.4.0 -L/opt/poky-agl/4.99.2/sysroots/aarch64-agl-linux/usr/lib64 -O1 CMakeFiles/cmTC_de986.dir/CMakeCCompilerABI.c.o -lgcc --as-needed -lgcc_s --no-as-needed -lc -lgcc --as-needed -lgcc_s --no-as-needed /opt/poky-agl/4.99.2/sysroots/aarch64-agl-linux/usr/lib64/aarch64-agl-linux/5.4.0/crtend.o /opt/poky-agl/4.99.2/sysroots/aarch64-agl-linux/usr/lib64/crtn.o]
    arg [/opt/poky-agl/4.99.2/sysroots/x86_64-aglsdk-linux/usr/libexec/aarch64-agl-linux/gcc/aarch64-agl-linux/5.4.0/collect2] ==> ignore
    arg [-plugin] ==> ignore
    arg [/opt/poky-agl/4.99.2/sysroots/x86_64-aglsdk-linux/usr/libexec/aarch64-agl-linux/gcc/aarch64-agl-linux/5.4.0/liblto_plugin.so] ==> ignore
    arg [-plugin-opt=/opt/poky-agl/4.99.2/sysroots/x86_64-aglsdk-linux/usr/libexec/aarch64-agl-linux/gcc/aarch64-agl-linux/5.4.0/lto-wrapper] ==> ignore
    arg [-plugin-opt=-fresolution=/tmp/ccmEk8MH.res] ==> ignore
    arg [-plugin-opt=-pass-through=-lgcc] ==> ignore
    arg [-plugin-opt=-pass-through=-lgcc_s] ==> ignore
    arg [-plugin-opt=-pass-through=-lc] ==> ignore
    arg [-plugin-opt=-pass-through=-lgcc] ==> ignore
    arg [-plugin-opt=-pass-through=-lgcc_s] ==> ignore
    arg [--sysroot=/opt/poky-agl/4.99.2/sysroots/aarch64-agl-linux] ==> ignore
    arg [--build-id] ==> ignore
    arg [--eh-frame-hdr] ==> ignore
    arg [--hash-style=gnu] ==> ignore
    arg [-export-dynamic] ==> ignore
    arg [-dynamic-linker] ==> ignore
    arg [/lib64/ld-linux-aarch64.so.1] ==> ignore
    arg [-X] ==> ignore
    arg [-EL] ==> ignore
    arg [-maarch64linux] ==> ignore
    arg [-o] ==> ignore
    arg [cmTC_de986] ==> ignore
    arg [/opt/poky-agl/4.99.2/sysroots/aarch64-agl-linux/usr/lib64/crt1.o] ==> ignore
    arg [/opt/poky-agl/4.99.2/sysroots/aarch64-agl-linux/usr/lib64/crti.o] ==> ignore
    arg [/opt/poky-agl/4.99.2/sysroots/aarch64-agl-linux/usr/lib64/aarch64-agl-linux/5.4.0/crtbegin.o] ==> ignore
    arg [-L/opt/poky-agl/4.99.2/sysroots/x86_64-aglsdk-linux/usr/lib/aarch64-agl-linux/gcc/aarch64-agl-linux/5.4.0] ==> dir [/opt/poky-agl/4.99.2/sysroots/x86_64-aglsdk-linux/usr/lib/aarch64-agl-linux/gcc/aarch64-agl-linux/5.4.0]
    arg [-L/opt/poky-agl/4.99.2/sysroots/aarch64-agl-linux/lib64] ==> dir [/opt/poky-agl/4.99.2/sysroots/aarch64-agl-linux/lib64]
    arg [-L/opt/poky-agl/4.99.2/sysroots/aarch64-agl-linux/usr/lib64/aarch64-agl-linux/5.4.0] ==> dir [/opt/poky-agl/4.99.2/sysroots/aarch64-agl-linux/usr/lib64/aarch64-agl-linux/5.4.0]
    arg [-L/opt/poky-agl/4.99.2/sysroots/aarch64-agl-linux/usr/lib64] ==> dir [/opt/poky-agl/4.99.2/sysroots/aarch64-agl-linux/usr/lib64]
    arg [-O1] ==> ignore
    arg [CMakeFiles/cmTC_de986.dir/CMakeCCompilerABI.c.o] ==> ignore
    arg [-lgcc] ==> lib [gcc]
    arg [--as-needed] ==> ignore
    arg [-lgcc_s] ==> lib [gcc_s]
    arg [--no-as-needed] ==> ignore
    arg [-lc] ==> lib [c]
    arg [-lgcc] ==> lib [gcc]
    arg [--as-needed] ==> ignore
    arg [-lgcc_s] ==> lib [gcc_s]
    arg [--no-as-needed] ==> ignore
    arg [/opt/poky-agl/4.99.2/sysroots/aarch64-agl-linux/usr/lib64/aarch64-agl-linux/5.4.0/crtend.o] ==> ignore
    arg [/opt/poky-agl/4.99.2/sysroots/aarch64-agl-linux/usr/lib64/crtn.o] ==> ignore
  remove lib [gcc]
  remove lib [gcc_s]
  remove lib [gcc]
  remove lib [gcc_s]
  collapse library dir [/opt/poky-agl/4.99.2/sysroots/x86_64-aglsdk-linux/usr/lib/aarch64-agl-linux/gcc/aarch64-agl-linux/5.4.0] ==> [/opt/poky-agl/4.99.2/sysroots/x86_64-aglsdk-linux/usr/lib/aarch64-agl-linux/gcc/aarch64-agl-linux/5.4.0]
  collapse library dir [/opt/poky-agl/4.99.2/sysroots/aarch64-agl-linux/lib64] ==> [/opt/poky-agl/4.99.2/sysroots/aarch64-agl-linux/lib64]
  collapse library dir [/opt/poky-agl/4.99.2/sysroots/aarch64-agl-linux/usr/lib64/aarch64-agl-linux/5.4.0] ==> [/opt/poky-agl/4.99.2/sysroots/aarch64-agl-linux/usr/lib64/aarch64-agl-linux/5.4.0]
  collapse library dir [/opt/poky-agl/4.99.2/sysroots/aarch64-agl-linux/usr/lib64] ==> [/opt/poky-agl/4.99.2/sysroots/aarch64-agl-linux/usr/lib64]
  implicit libs: [c]
  implicit dirs: [/opt/poky-agl/4.99.2/sysroots/x86_64-aglsdk-linux/usr/lib/aarch64-agl-linux/gcc/aarch64-agl-linux/5.4.0;/opt/poky-agl/4.99.2/sysroots/aarch64-agl-linux/lib64;/opt/poky-agl/4.99.2/sysroots/aarch64-agl-linux/usr/lib64/aarch64-agl-linux/5.4.0;/opt/poky-agl/4.99.2/sysroots/aarch64-agl-linux/usr/lib64]
  implicit fwks: []




Detecting C [-std=c11] compiler features compiled with the following output:
Change Dir: /4T/proj/github/johnxu/updatedraw/arm/CMakeFiles/CMakeTmp

Run Build Command:"/usr/bin/make" "cmTC_c8419/fast"
/usr/bin/make -f CMakeFiles/cmTC_c8419.dir/build.make CMakeFiles/cmTC_c8419.dir/build
make[1]: Entering directory '/4T/proj/github/johnxu/updatedraw/arm/CMakeFiles/CMakeTmp'
Building C object CMakeFiles/cmTC_c8419.dir/feature_tests.c.o
/opt/poky-agl/4.99.2/sysroots/x86_64-aglsdk-linux/usr/bin/aarch64-agl-linux/aarch64-agl-linux-gcc   --sysroot=/opt/poky-agl/4.99.2/sysroots/aarch64-agl-linux   -O2 -pipe    -std=c11 -o CMakeFiles/cmTC_c8419.dir/feature_tests.c.o   -c /4T/proj/github/johnxu/updatedraw/arm/CMakeFiles/feature_tests.c
Linking C executable cmTC_c8419
/opt/poky-agl/4.99.2/sysroots/x86_64-aglsdk-linux/usr/bin/cmake -E cmake_link_script CMakeFiles/cmTC_c8419.dir/link.txt --verbose=1
/opt/poky-agl/4.99.2/sysroots/x86_64-aglsdk-linux/usr/bin/aarch64-agl-linux/aarch64-agl-linux-gcc   --sysroot=/opt/poky-agl/4.99.2/sysroots/aarch64-agl-linux  -O2 -pipe   -Wl,-O1  CMakeFiles/cmTC_c8419.dir/feature_tests.c.o  -o cmTC_c8419 -rdynamic 
make[1]: Leaving directory '/4T/proj/github/johnxu/updatedraw/arm/CMakeFiles/CMakeTmp'


    Feature record: C_FEATURE:1c_function_prototypes
    Feature record: C_FEATURE:1c_restrict
    Feature record: C_FEATURE:1c_static_assert
    Feature record: C_FEATURE:1c_variadic_macros


Detecting C [-std=c99] compiler features compiled with the following output:
Change Dir: /4T/proj/github/johnxu/updatedraw/arm/CMakeFiles/CMakeTmp

Run Build Command:"/usr/bin/make" "cmTC_67840/fast"
/usr/bin/make -f CMakeFiles/cmTC_67840.dir/build.make CMakeFiles/cmTC_67840.dir/build
make[1]: Entering directory '/4T/proj/github/johnxu/updatedraw/arm/CMakeFiles/CMakeTmp'
Building C object CMakeFiles/cmTC_67840.dir/feature_tests.c.o
/opt/poky-agl/4.99.2/sysroots/x86_64-aglsdk-linux/usr/bin/aarch64-agl-linux/aarch64-agl-linux-gcc   --sysroot=/opt/poky-agl/4.99.2/sysroots/aarch64-agl-linux   -O2 -pipe    -std=c99 -o CMakeFiles/cmTC_67840.dir/feature_tests.c.o   -c /4T/proj/github/johnxu/updatedraw/arm/CMakeFiles/feature_tests.c
Linking C executable cmTC_67840
/opt/poky-agl/4.99.2/sysroots/x86_64-aglsdk-linux/usr/bin/cmake -E cmake_link_script CMakeFiles/cmTC_67840.dir/link.txt --verbose=1
/opt/poky-agl/4.99.2/sysroots/x86_64-aglsdk-linux/usr/bin/aarch64-agl-linux/aarch64-agl-linux-gcc   --sysroot=/opt/poky-agl/4.99.2/sysroots/aarch64-agl-linux  -O2 -pipe   -Wl,-O1  CMakeFiles/cmTC_67840.dir/feature_tests.c.o  -o cmTC_67840 -rdynamic 
make[1]: Leaving directory '/4T/proj/github/johnxu/updatedraw/arm/CMakeFiles/CMakeTmp'


    Feature record: C_FEATURE:1c_function_prototypes
    Feature record: C_FEATURE:1c_restrict
    Feature record: C_FEATURE:0c_static_assert
    Feature record: C_FEATURE:1c_variadic_macros


Detecting C [-std=c90] compiler features compiled with the following output:
Change Dir: /4T/proj/github/johnxu/updatedraw/arm/CMakeFiles/CMakeTmp

Run Build Command:"/usr/bin/make" "cmTC_a6d6d/fast"
/usr/bin/make -f CMakeFiles/cmTC_a6d6d.dir/build.make CMakeFiles/cmTC_a6d6d.dir/build
make[1]: Entering directory '/4T/proj/github/johnxu/updatedraw/arm/CMakeFiles/CMakeTmp'
Building C object CMakeFiles/cmTC_a6d6d.dir/feature_tests.c.o
/opt/poky-agl/4.99.2/sysroots/x86_64-aglsdk-linux/usr/bin/aarch64-agl-linux/aarch64-agl-linux-gcc   --sysroot=/opt/poky-agl/4.99.2/sysroots/aarch64-agl-linux   -O2 -pipe    -std=c90 -o CMakeFiles/cmTC_a6d6d.dir/feature_tests.c.o   -c /4T/proj/github/johnxu/updatedraw/arm/CMakeFiles/feature_tests.c
Linking C executable cmTC_a6d6d
/opt/poky-agl/4.99.2/sysroots/x86_64-aglsdk-linux/usr/bin/cmake -E cmake_link_script CMakeFiles/cmTC_a6d6d.dir/link.txt --verbose=1
/opt/poky-agl/4.99.2/sysroots/x86_64-aglsdk-linux/usr/bin/aarch64-agl-linux/aarch64-agl-linux-gcc   --sysroot=/opt/poky-agl/4.99.2/sysroots/aarch64-agl-linux  -O2 -pipe   -Wl,-O1  CMakeFiles/cmTC_a6d6d.dir/feature_tests.c.o  -o cmTC_a6d6d -rdynamic 
make[1]: Leaving directory '/4T/proj/github/johnxu/updatedraw/arm/CMakeFiles/CMakeTmp'


    Feature record: C_FEATURE:1c_function_prototypes
    Feature record: C_FEATURE:0c_restrict
    Feature record: C_FEATURE:0c_static_assert
    Feature record: C_FEATURE:0c_variadic_macros
Determining if the CXX compiler works passed with the following output:
Change Dir: /4T/proj/github/johnxu/updatedraw/arm/CMakeFiles/CMakeTmp

Run Build Command:"/usr/bin/make" "cmTC_bcc95/fast"
/usr/bin/make -f CMakeFiles/cmTC_bcc95.dir/build.make CMakeFiles/cmTC_bcc95.dir/build
make[1]: Entering directory '/4T/proj/github/johnxu/updatedraw/arm/CMakeFiles/CMakeTmp'
Building CXX object CMakeFiles/cmTC_bcc95.dir/testCXXCompiler.cxx.o
/opt/poky-agl/4.99.2/sysroots/x86_64-aglsdk-linux/usr/bin/aarch64-agl-linux/aarch64-agl-linux-g++   --sysroot=/opt/poky-agl/4.99.2/sysroots/aarch64-agl-linux     -o CMakeFiles/cmTC_bcc95.dir/testCXXCompiler.cxx.o -c /4T/proj/github/johnxu/updatedraw/arm/CMakeFiles/CMakeTmp/testCXXCompiler.cxx
Linking CXX executable cmTC_bcc95
/opt/poky-agl/4.99.2/sysroots/x86_64-aglsdk-linux/usr/bin/cmake -E cmake_link_script CMakeFiles/cmTC_bcc95.dir/link.txt --verbose=1
/opt/poky-agl/4.99.2/sysroots/x86_64-aglsdk-linux/usr/bin/aarch64-agl-linux/aarch64-agl-linux-g++   --sysroot=/opt/poky-agl/4.99.2/sysroots/aarch64-agl-linux     -Wl,-O1  CMakeFiles/cmTC_bcc95.dir/testCXXCompiler.cxx.o  -o cmTC_bcc95 -rdynamic 
make[1]: Leaving directory '/4T/proj/github/johnxu/updatedraw/arm/CMakeFiles/CMakeTmp'


Detecting CXX compiler ABI info compiled with the following output:
Change Dir: /4T/proj/github/johnxu/updatedraw/arm/CMakeFiles/CMakeTmp

Run Build Command:"/usr/bin/make" "cmTC_5a18f/fast"
/usr/bin/make -f CMakeFiles/cmTC_5a18f.dir/build.make CMakeFiles/cmTC_5a18f.dir/build
make[1]: Entering directory '/4T/proj/github/johnxu/updatedraw/arm/CMakeFiles/CMakeTmp'
Building CXX object CMakeFiles/cmTC_5a18f.dir/CMakeCXXCompilerABI.cpp.o
/opt/poky-agl/4.99.2/sysroots/x86_64-aglsdk-linux/usr/bin/aarch64-agl-linux/aarch64-agl-linux-g++   --sysroot=/opt/poky-agl/4.99.2/sysroots/aarch64-agl-linux     -o CMakeFiles/cmTC_5a18f.dir/CMakeCXXCompilerABI.cpp.o -c /opt/poky-agl/4.99.2/sysroots/x86_64-aglsdk-linux/usr/share/cmake-3.7/Modules/CMakeCXXCompilerABI.cpp
Linking CXX executable cmTC_5a18f
/opt/poky-agl/4.99.2/sysroots/x86_64-aglsdk-linux/usr/bin/cmake -E cmake_link_script CMakeFiles/cmTC_5a18f.dir/link.txt --verbose=1
/opt/poky-agl/4.99.2/sysroots/x86_64-aglsdk-linux/usr/bin/aarch64-agl-linux/aarch64-agl-linux-g++   --sysroot=/opt/poky-agl/4.99.2/sysroots/aarch64-agl-linux     -Wl,-O1 -v CMakeFiles/cmTC_5a18f.dir/CMakeCXXCompilerABI.cpp.o  -o cmTC_5a18f -rdynamic  
Using built-in specs.
COLLECT_GCC=/opt/poky-agl/4.99.2/sysroots/x86_64-aglsdk-linux/usr/bin/aarch64-agl-linux/aarch64-agl-linux-g++
COLLECT_LTO_WRAPPER=/opt/poky-agl/4.99.2/sysroots/x86_64-aglsdk-linux/usr/libexec/aarch64-agl-linux/gcc/aarch64-agl-linux/5.4.0/lto-wrapper
Target: aarch64-agl-linux
Configured with: ../../../../../../work-shared/gcc-5.4.0-r0/gcc-5.4.0/configure --build=x86_64-linux --host=x86_64-aglsdk-linux --target=aarch64-agl-linux --prefix=/opt/poky-agl/4.99.2/sysroots/x86_64-aglsdk-linux/usr --exec_prefix=/opt/poky-agl/4.99.2/sysroots/x86_64-aglsdk-linux/usr --bindir=/opt/poky-agl/4.99.2/sysroots/x86_64-aglsdk-linux/usr/bin/aarch64-agl-linux --sbindir=/opt/poky-agl/4.99.2/sysroots/x86_64-aglsdk-linux/usr/bin/aarch64-agl-linux --libexecdir=/opt/poky-agl/4.99.2/sysroots/x86_64-aglsdk-linux/usr/libexec/aarch64-agl-linux --datadir=/opt/poky-agl/4.99.2/sysroots/x86_64-aglsdk-linux/usr/share --sysconfdir=/opt/poky-agl/4.99.2/sysroots/x86_64-aglsdk-linux/etc --sharedstatedir=/opt/poky-agl/4.99.2/sysroots/x86_64-aglsdk-linux/com --localstatedir=/opt/poky-agl/4.99.2/sysroots/x86_64-aglsdk-linux/var --libdir=/opt/poky-agl/4.99.2/sysroots/x86_64-aglsdk-linux/usr/lib/aarch64-agl-linux --includedir=/opt/poky-agl/4.99.2/sysroots/x86_64-aglsdk-linux/usr/include --oldincludedir=/opt/poky-agl/4.99.2/sysroots/x86_64-aglsdk-linux/usr/include --infodir=/opt/poky-agl/4.99.2/sysroots/x86_64-aglsdk-linux/usr/share/info --mandir=/opt/poky-agl/4.99.2/sysroots/x86_64-aglsdk-linux/usr/share/man --disable-silent-rules --disable-dependency-tracking --with-libtool-sysroot=/ssd/proj/mce-fts03/apq8096ad_yocto2.3_vt6104b_headway/poky/build/tmp-glibc/work/x86_64-nativesdk-aglsdk-linux/gcc-cross-canadian-aarch64/5.4.0-r0/recipe-sysroot --with-gnu-ld --enable-shared --enable-languages=c,c++ --enable-threads=posix --enable-multilib --enable-c99 --enable-long-long --enable-symvers=gnu --enable-libstdcxx-pch --program-prefix=aarch64-agl-linux- --without-local-prefix --enable-lto --enable-libssp --enable-libitm --disable-bootstrap --disable-libmudflap --with-system-zlib --with-linker-hash-style=gnu --enable-linker-build-id --with-ppl=no --with-cloog=no --enable-checking=release --enable-cheaders=c_global --without-isl --with-gxx-include-dir=/not/exist/usr/include/c++/5.4.0 --with-build-time-tools=/ssd/proj/mce-fts03/apq8096ad_yocto2.3_vt6104b_headway/poky/build/tmp-glibc/work/x86_64-nativesdk-aglsdk-linux/gcc-cross-canadian-aarch64/5.4.0-r0/recipe-sysroot-native/usr/aarch64-agl-linux/bin --with-sysroot=/not/exist --with-build-sysroot=/ssd/proj/mce-fts03/apq8096ad_yocto2.3_vt6104b_headway/poky/build/tmp-glibc/work/x86_64-nativesdk-aglsdk-linux/gcc-cross-canadian-aarch64/5.4.0-r0/recipe-sysroot --without-long-double-128 --enable-poison-system-directories --with-mpfr=/ssd/proj/mce-fts03/apq8096ad_yocto2.3_vt6104b_headway/poky/build/tmp-glibc/work/x86_64-nativesdk-aglsdk-linux/gcc-cross-canadian-aarch64/5.4.0-r0/recipe-sysroot --with-mpc=/ssd/proj/mce-fts03/apq8096ad_yocto2.3_vt6104b_headway/poky/build/tmp-glibc/work/x86_64-nativesdk-aglsdk-linux/gcc-cross-canadian-aarch64/5.4.0-r0/recipe-sysroot --enable-nls --enable-initfini-array --enable-__cxa_atexit
Thread model: posix
gcc version 5.4.0 (GCC) 
COMPILER_PATH=/opt/poky-agl/4.99.2/sysroots/x86_64-aglsdk-linux/usr/libexec/aarch64-agl-linux/gcc/aarch64-agl-linux/5.4.0/:/opt/poky-agl/4.99.2/sysroots/x86_64-aglsdk-linux/usr/libexec/aarch64-agl-linux/gcc/aarch64-agl-linux/5.4.0/:/opt/poky-agl/4.99.2/sysroots/x86_64-aglsdk-linux/usr/libexec/aarch64-agl-linux/gcc/aarch64-agl-linux/:/opt/poky-agl/4.99.2/sysroots/x86_64-aglsdk-linux/usr/lib/aarch64-agl-linux/gcc/aarch64-agl-linux/5.4.0/:/opt/poky-agl/4.99.2/sysroots/x86_64-aglsdk-linux/usr/lib/aarch64-agl-linux/gcc/aarch64-agl-linux/
LIBRARY_PATH=/opt/poky-agl/4.99.2/sysroots/x86_64-aglsdk-linux/usr/lib/aarch64-agl-linux/gcc/aarch64-agl-linux/5.4.0/:/opt/poky-agl/4.99.2/sysroots/aarch64-agl-linux/lib64/:/opt/poky-agl/4.99.2/sysroots/aarch64-agl-linux/usr/lib64/aarch64-agl-linux/5.4.0/:/opt/poky-agl/4.99.2/sysroots/aarch64-agl-linux/usr/lib64/
COLLECT_GCC_OPTIONS='--sysroot=/opt/poky-agl/4.99.2/sysroots/aarch64-agl-linux' '-v' '-o' 'cmTC_5a18f' '-rdynamic' '-shared-libgcc' '-mlittle-endian' '-mabi=lp64'
 /opt/poky-agl/4.99.2/sysroots/x86_64-aglsdk-linux/usr/libexec/aarch64-agl-linux/gcc/aarch64-agl-linux/5.4.0/collect2 -plugin /opt/poky-agl/4.99.2/sysroots/x86_64-aglsdk-linux/usr/libexec/aarch64-agl-linux/gcc/aarch64-agl-linux/5.4.0/liblto_plugin.so -plugin-opt=/opt/poky-agl/4.99.2/sysroots/x86_64-aglsdk-linux/usr/libexec/aarch64-agl-linux/gcc/aarch64-agl-linux/5.4.0/lto-wrapper -plugin-opt=-fresolution=/tmp/ccu9sBkw.res -plugin-opt=-pass-through=-lgcc_s -plugin-opt=-pass-through=-lgcc -plugin-opt=-pass-through=-lc -plugin-opt=-pass-through=-lgcc_s -plugin-opt=-pass-through=-lgcc --sysroot=/opt/poky-agl/4.99.2/sysroots/aarch64-agl-linux --build-id --eh-frame-hdr --hash-style=gnu -export-dynamic -dynamic-linker /lib64/ld-linux-aarch64.so.1 -X -EL -maarch64linux -o cmTC_5a18f /opt/poky-agl/4.99.2/sysroots/aarch64-agl-linux/usr/lib64/crt1.o /opt/poky-agl/4.99.2/sysroots/aarch64-agl-linux/usr/lib64/crti.o /opt/poky-agl/4.99.2/sysroots/aarch64-agl-linux/usr/lib64/aarch64-agl-linux/5.4.0/crtbegin.o -L/opt/poky-agl/4.99.2/sysroots/x86_64-aglsdk-linux/usr/lib/aarch64-agl-linux/gcc/aarch64-agl-linux/5.4.0 -L/opt/poky-agl/4.99.2/sysroots/aarch64-agl-linux/lib64 -L/opt/poky-agl/4.99.2/sysroots/aarch64-agl-linux/usr/lib64/aarch64-agl-linux/5.4.0 -L/opt/poky-agl/4.99.2/sysroots/aarch64-agl-linux/usr/lib64 -O1 CMakeFiles/cmTC_5a18f.dir/CMakeCXXCompilerABI.cpp.o -lstdc++ -lm -lgcc_s -lgcc -lc -lgcc_s -lgcc /opt/poky-agl/4.99.2/sysroots/aarch64-agl-linux/usr/lib64/aarch64-agl-linux/5.4.0/crtend.o /opt/poky-agl/4.99.2/sysroots/aarch64-agl-linux/usr/lib64/crtn.o
make[1]: Leaving directory '/4T/proj/github/johnxu/updatedraw/arm/CMakeFiles/CMakeTmp'


Parsed CXX implicit link information from above output:
  link line regex: [^( *|.*[/\])(aarch64-agl-linux-ld|([^/\]+-)?ld|collect2)[^/\]*( |$)]
  ignore line: [Change Dir: /4T/proj/github/johnxu/updatedraw/arm/CMakeFiles/CMakeTmp]
  ignore line: []
  ignore line: [Run Build Command:"/usr/bin/make" "cmTC_5a18f/fast"]
  ignore line: [/usr/bin/make -f CMakeFiles/cmTC_5a18f.dir/build.make CMakeFiles/cmTC_5a18f.dir/build]
  ignore line: [make[1]: Entering directory '/4T/proj/github/johnxu/updatedraw/arm/CMakeFiles/CMakeTmp']
  ignore line: [Building CXX object CMakeFiles/cmTC_5a18f.dir/CMakeCXXCompilerABI.cpp.o]
  ignore line: [/opt/poky-agl/4.99.2/sysroots/x86_64-aglsdk-linux/usr/bin/aarch64-agl-linux/aarch64-agl-linux-g++   --sysroot=/opt/poky-agl/4.99.2/sysroots/aarch64-agl-linux     -o CMakeFiles/cmTC_5a18f.dir/CMakeCXXCompilerABI.cpp.o -c /opt/poky-agl/4.99.2/sysroots/x86_64-aglsdk-linux/usr/share/cmake-3.7/Modules/CMakeCXXCompilerABI.cpp]
  ignore line: [Linking CXX executable cmTC_5a18f]
  ignore line: [/opt/poky-agl/4.99.2/sysroots/x86_64-aglsdk-linux/usr/bin/cmake -E cmake_link_script CMakeFiles/cmTC_5a18f.dir/link.txt --verbose=1]
  ignore line: [/opt/poky-agl/4.99.2/sysroots/x86_64-aglsdk-linux/usr/bin/aarch64-agl-linux/aarch64-agl-linux-g++   --sysroot=/opt/poky-agl/4.99.2/sysroots/aarch64-agl-linux     -Wl,-O1 -v CMakeFiles/cmTC_5a18f.dir/CMakeCXXCompilerABI.cpp.o  -o cmTC_5a18f -rdynamic  ]
  ignore line: [Using built-in specs.]
  ignore line: [COLLECT_GCC=/opt/poky-agl/4.99.2/sysroots/x86_64-aglsdk-linux/usr/bin/aarch64-agl-linux/aarch64-agl-linux-g++]
  ignore line: [COLLECT_LTO_WRAPPER=/opt/poky-agl/4.99.2/sysroots/x86_64-aglsdk-linux/usr/libexec/aarch64-agl-linux/gcc/aarch64-agl-linux/5.4.0/lto-wrapper]
  ignore line: [Target: aarch64-agl-linux]
  ignore line: [Configured with: ../../../../../../work-shared/gcc-5.4.0-r0/gcc-5.4.0/configure --build=x86_64-linux --host=x86_64-aglsdk-linux --target=aarch64-agl-linux --prefix=/opt/poky-agl/4.99.2/sysroots/x86_64-aglsdk-linux/usr --exec_prefix=/opt/poky-agl/4.99.2/sysroots/x86_64-aglsdk-linux/usr --bindir=/opt/poky-agl/4.99.2/sysroots/x86_64-aglsdk-linux/usr/bin/aarch64-agl-linux --sbindir=/opt/poky-agl/4.99.2/sysroots/x86_64-aglsdk-linux/usr/bin/aarch64-agl-linux --libexecdir=/opt/poky-agl/4.99.2/sysroots/x86_64-aglsdk-linux/usr/libexec/aarch64-agl-linux --datadir=/opt/poky-agl/4.99.2/sysroots/x86_64-aglsdk-linux/usr/share --sysconfdir=/opt/poky-agl/4.99.2/sysroots/x86_64-aglsdk-linux/etc --sharedstatedir=/opt/poky-agl/4.99.2/sysroots/x86_64-aglsdk-linux/com --localstatedir=/opt/poky-agl/4.99.2/sysroots/x86_64-aglsdk-linux/var --libdir=/opt/poky-agl/4.99.2/sysroots/x86_64-aglsdk-linux/usr/lib/aarch64-agl-linux --includedir=/opt/poky-agl/4.99.2/sysroots/x86_64-aglsdk-linux/usr/include --oldincludedir=/opt/poky-agl/4.99.2/sysroots/x86_64-aglsdk-linux/usr/include --infodir=/opt/poky-agl/4.99.2/sysroots/x86_64-aglsdk-linux/usr/share/info --mandir=/opt/poky-agl/4.99.2/sysroots/x86_64-aglsdk-linux/usr/share/man --disable-silent-rules --disable-dependency-tracking --with-libtool-sysroot=/ssd/proj/mce-fts03/apq8096ad_yocto2.3_vt6104b_headway/poky/build/tmp-glibc/work/x86_64-nativesdk-aglsdk-linux/gcc-cross-canadian-aarch64/5.4.0-r0/recipe-sysroot --with-gnu-ld --enable-shared --enable-languages=c,c++ --enable-threads=posix --enable-multilib --enable-c99 --enable-long-long --enable-symvers=gnu --enable-libstdcxx-pch --program-prefix=aarch64-agl-linux- --without-local-prefix --enable-lto --enable-libssp --enable-libitm --disable-bootstrap --disable-libmudflap --with-system-zlib --with-linker-hash-style=gnu --enable-linker-build-id --with-ppl=no --with-cloog=no --enable-checking=release --enable-cheaders=c_global --without-isl --with-gxx-include-dir=/not/exist/usr/include/c++/5.4.0 --with-build-time-tools=/ssd/proj/mce-fts03/apq8096ad_yocto2.3_vt6104b_headway/poky/build/tmp-glibc/work/x86_64-nativesdk-aglsdk-linux/gcc-cross-canadian-aarch64/5.4.0-r0/recipe-sysroot-native/usr/aarch64-agl-linux/bin --with-sysroot=/not/exist --with-build-sysroot=/ssd/proj/mce-fts03/apq8096ad_yocto2.3_vt6104b_headway/poky/build/tmp-glibc/work/x86_64-nativesdk-aglsdk-linux/gcc-cross-canadian-aarch64/5.4.0-r0/recipe-sysroot --without-long-double-128 --enable-poison-system-directories --with-mpfr=/ssd/proj/mce-fts03/apq8096ad_yocto2.3_vt6104b_headway/poky/build/tmp-glibc/work/x86_64-nativesdk-aglsdk-linux/gcc-cross-canadian-aarch64/5.4.0-r0/recipe-sysroot --with-mpc=/ssd/proj/mce-fts03/apq8096ad_yocto2.3_vt6104b_headway/poky/build/tmp-glibc/work/x86_64-nativesdk-aglsdk-linux/gcc-cross-canadian-aarch64/5.4.0-r0/recipe-sysroot --enable-nls --enable-initfini-array --enable-__cxa_atexit]
  ignore line: [Thread model: posix]
  ignore line: [gcc version 5.4.0 (GCC) ]
  ignore line: [COMPILER_PATH=/opt/poky-agl/4.99.2/sysroots/x86_64-aglsdk-linux/usr/libexec/aarch64-agl-linux/gcc/aarch64-agl-linux/5.4.0/:/opt/poky-agl/4.99.2/sysroots/x86_64-aglsdk-linux/usr/libexec/aarch64-agl-linux/gcc/aarch64-agl-linux/5.4.0/:/opt/poky-agl/4.99.2/sysroots/x86_64-aglsdk-linux/usr/libexec/aarch64-agl-linux/gcc/aarch64-agl-linux/:/opt/poky-agl/4.99.2/sysroots/x86_64-aglsdk-linux/usr/lib/aarch64-agl-linux/gcc/aarch64-agl-linux/5.4.0/:/opt/poky-agl/4.99.2/sysroots/x86_64-aglsdk-linux/usr/lib/aarch64-agl-linux/gcc/aarch64-agl-linux/]
  ignore line: [LIBRARY_PATH=/opt/poky-agl/4.99.2/sysroots/x86_64-aglsdk-linux/usr/lib/aarch64-agl-linux/gcc/aarch64-agl-linux/5.4.0/:/opt/poky-agl/4.99.2/sysroots/aarch64-agl-linux/lib64/:/opt/poky-agl/4.99.2/sysroots/aarch64-agl-linux/usr/lib64/aarch64-agl-linux/5.4.0/:/opt/poky-agl/4.99.2/sysroots/aarch64-agl-linux/usr/lib64/]
  ignore line: [COLLECT_GCC_OPTIONS='--sysroot=/opt/poky-agl/4.99.2/sysroots/aarch64-agl-linux' '-v' '-o' 'cmTC_5a18f' '-rdynamic' '-shared-libgcc' '-mlittle-endian' '-mabi=lp64']
  link line: [ /opt/poky-agl/4.99.2/sysroots/x86_64-aglsdk-linux/usr/libexec/aarch64-agl-linux/gcc/aarch64-agl-linux/5.4.0/collect2 -plugin /opt/poky-agl/4.99.2/sysroots/x86_64-aglsdk-linux/usr/libexec/aarch64-agl-linux/gcc/aarch64-agl-linux/5.4.0/liblto_plugin.so -plugin-opt=/opt/poky-agl/4.99.2/sysroots/x86_64-aglsdk-linux/usr/libexec/aarch64-agl-linux/gcc/aarch64-agl-linux/5.4.0/lto-wrapper -plugin-opt=-fresolution=/tmp/ccu9sBkw.res -plugin-opt=-pass-through=-lgcc_s -plugin-opt=-pass-through=-lgcc -plugin-opt=-pass-through=-lc -plugin-opt=-pass-through=-lgcc_s -plugin-opt=-pass-through=-lgcc --sysroot=/opt/poky-agl/4.99.2/sysroots/aarch64-agl-linux --build-id --eh-frame-hdr --hash-style=gnu -export-dynamic -dynamic-linker /lib64/ld-linux-aarch64.so.1 -X -EL -maarch64linux -o cmTC_5a18f /opt/poky-agl/4.99.2/sysroots/aarch64-agl-linux/usr/lib64/crt1.o /opt/poky-agl/4.99.2/sysroots/aarch64-agl-linux/usr/lib64/crti.o /opt/poky-agl/4.99.2/sysroots/aarch64-agl-linux/usr/lib64/aarch64-agl-linux/5.4.0/crtbegin.o -L/opt/poky-agl/4.99.2/sysroots/x86_64-aglsdk-linux/usr/lib/aarch64-agl-linux/gcc/aarch64-agl-linux/5.4.0 -L/opt/poky-agl/4.99.2/sysroots/aarch64-agl-linux/lib64 -L/opt/poky-agl/4.99.2/sysroots/aarch64-agl-linux/usr/lib64/aarch64-agl-linux/5.4.0 -L/opt/poky-agl/4.99.2/sysroots/aarch64-agl-linux/usr/lib64 -O1 CMakeFiles/cmTC_5a18f.dir/CMakeCXXCompilerABI.cpp.o -lstdc++ -lm -lgcc_s -lgcc -lc -lgcc_s -lgcc /opt/poky-agl/4.99.2/sysroots/aarch64-agl-linux/usr/lib64/aarch64-agl-linux/5.4.0/crtend.o /opt/poky-agl/4.99.2/sysroots/aarch64-agl-linux/usr/lib64/crtn.o]
    arg [/opt/poky-agl/4.99.2/sysroots/x86_64-aglsdk-linux/usr/libexec/aarch64-agl-linux/gcc/aarch64-agl-linux/5.4.0/collect2] ==> ignore
    arg [-plugin] ==> ignore
    arg [/opt/poky-agl/4.99.2/sysroots/x86_64-aglsdk-linux/usr/libexec/aarch64-agl-linux/gcc/aarch64-agl-linux/5.4.0/liblto_plugin.so] ==> ignore
    arg [-plugin-opt=/opt/poky-agl/4.99.2/sysroots/x86_64-aglsdk-linux/usr/libexec/aarch64-agl-linux/gcc/aarch64-agl-linux/5.4.0/lto-wrapper] ==> ignore
    arg [-plugin-opt=-fresolution=/tmp/ccu9sBkw.res] ==> ignore
    arg [-plugin-opt=-pass-through=-lgcc_s] ==> ignore
    arg [-plugin-opt=-pass-through=-lgcc] ==> ignore
    arg [-plugin-opt=-pass-through=-lc] ==> ignore
    arg [-plugin-opt=-pass-through=-lgcc_s] ==> ignore
    arg [-plugin-opt=-pass-through=-lgcc] ==> ignore
    arg [--sysroot=/opt/poky-agl/4.99.2/sysroots/aarch64-agl-linux] ==> ignore
    arg [--build-id] ==> ignore
    arg [--eh-frame-hdr] ==> ignore
    arg [--hash-style=gnu] ==> ignore
    arg [-export-dynamic] ==> ignore
    arg [-dynamic-linker] ==> ignore
    arg [/lib64/ld-linux-aarch64.so.1] ==> ignore
    arg [-X] ==> ignore
    arg [-EL] ==> ignore
    arg [-maarch64linux] ==> ignore
    arg [-o] ==> ignore
    arg [cmTC_5a18f] ==> ignore
    arg [/opt/poky-agl/4.99.2/sysroots/aarch64-agl-linux/usr/lib64/crt1.o] ==> ignore
    arg [/opt/poky-agl/4.99.2/sysroots/aarch64-agl-linux/usr/lib64/crti.o] ==> ignore
    arg [/opt/poky-agl/4.99.2/sysroots/aarch64-agl-linux/usr/lib64/aarch64-agl-linux/5.4.0/crtbegin.o] ==> ignore
    arg [-L/opt/poky-agl/4.99.2/sysroots/x86_64-aglsdk-linux/usr/lib/aarch64-agl-linux/gcc/aarch64-agl-linux/5.4.0] ==> dir [/opt/poky-agl/4.99.2/sysroots/x86_64-aglsdk-linux/usr/lib/aarch64-agl-linux/gcc/aarch64-agl-linux/5.4.0]
    arg [-L/opt/poky-agl/4.99.2/sysroots/aarch64-agl-linux/lib64] ==> dir [/opt/poky-agl/4.99.2/sysroots/aarch64-agl-linux/lib64]
    arg [-L/opt/poky-agl/4.99.2/sysroots/aarch64-agl-linux/usr/lib64/aarch64-agl-linux/5.4.0] ==> dir [/opt/poky-agl/4.99.2/sysroots/aarch64-agl-linux/usr/lib64/aarch64-agl-linux/5.4.0]
    arg [-L/opt/poky-agl/4.99.2/sysroots/aarch64-agl-linux/usr/lib64] ==> dir [/opt/poky-agl/4.99.2/sysroots/aarch64-agl-linux/usr/lib64]
    arg [-O1] ==> ignore
    arg [CMakeFiles/cmTC_5a18f.dir/CMakeCXXCompilerABI.cpp.o] ==> ignore
    arg [-lstdc++] ==> lib [stdc++]
    arg [-lm] ==> lib [m]
    arg [-lgcc_s] ==> lib [gcc_s]
    arg [-lgcc] ==> lib [gcc]
    arg [-lc] ==> lib [c]
    arg [-lgcc_s] ==> lib [gcc_s]
    arg [-lgcc] ==> lib [gcc]
    arg [/opt/poky-agl/4.99.2/sysroots/aarch64-agl-linux/usr/lib64/aarch64-agl-linux/5.4.0/crtend.o] ==> ignore
    arg [/opt/poky-agl/4.99.2/sysroots/aarch64-agl-linux/usr/lib64/crtn.o] ==> ignore
  remove lib [gcc_s]
  remove lib [gcc]
  remove lib [gcc_s]
  remove lib [gcc]
  collapse library dir [/opt/poky-agl/4.99.2/sysroots/x86_64-aglsdk-linux/usr/lib/aarch64-agl-linux/gcc/aarch64-agl-linux/5.4.0] ==> [/opt/poky-agl/4.99.2/sysroots/x86_64-aglsdk-linux/usr/lib/aarch64-agl-linux/gcc/aarch64-agl-linux/5.4.0]
  collapse library dir [/opt/poky-agl/4.99.2/sysroots/aarch64-agl-linux/lib64] ==> [/opt/poky-agl/4.99.2/sysroots/aarch64-agl-linux/lib64]
  collapse library dir [/opt/poky-agl/4.99.2/sysroots/aarch64-agl-linux/usr/lib64/aarch64-agl-linux/5.4.0] ==> [/opt/poky-agl/4.99.2/sysroots/aarch64-agl-linux/usr/lib64/aarch64-agl-linux/5.4.0]
  collapse library dir [/opt/poky-agl/4.99.2/sysroots/aarch64-agl-linux/usr/lib64] ==> [/opt/poky-agl/4.99.2/sysroots/aarch64-agl-linux/usr/lib64]
  implicit libs: [stdc++;m;c]
  implicit dirs: [/opt/poky-agl/4.99.2/sysroots/x86_64-aglsdk-linux/usr/lib/aarch64-agl-linux/gcc/aarch64-agl-linux/5.4.0;/opt/poky-agl/4.99.2/sysroots/aarch64-agl-linux/lib64;/opt/poky-agl/4.99.2/sysroots/aarch64-agl-linux/usr/lib64/aarch64-agl-linux/5.4.0;/opt/poky-agl/4.99.2/sysroots/aarch64-agl-linux/usr/lib64]
  implicit fwks: []




Detecting CXX [-std=c++14] compiler features compiled with the following output:
Change Dir: /4T/proj/github/johnxu/updatedraw/arm/CMakeFiles/CMakeTmp

Run Build Command:"/usr/bin/make" "cmTC_7d299/fast"
/usr/bin/make -f CMakeFiles/cmTC_7d299.dir/build.make CMakeFiles/cmTC_7d299.dir/build
make[1]: Entering directory '/4T/proj/github/johnxu/updatedraw/arm/CMakeFiles/CMakeTmp'
Building CXX object CMakeFiles/cmTC_7d299.dir/feature_tests.cxx.o
/opt/poky-agl/4.99.2/sysroots/x86_64-aglsdk-linux/usr/bin/aarch64-agl-linux/aarch64-agl-linux-g++   --sysroot=/opt/poky-agl/4.99.2/sysroots/aarch64-agl-linux    -std=c++14 -o CMakeFiles/cmTC_7d299.dir/feature_tests.cxx.o -c /4T/proj/github/johnxu/updatedraw/arm/CMakeFiles/feature_tests.cxx
Linking CXX executable cmTC_7d299
/opt/poky-agl/4.99.2/sysroots/x86_64-aglsdk-linux/usr/bin/cmake -E cmake_link_script CMakeFiles/cmTC_7d299.dir/link.txt --verbose=1
/opt/poky-agl/4.99.2/sysroots/x86_64-aglsdk-linux/usr/bin/aarch64-agl-linux/aarch64-agl-linux-g++   --sysroot=/opt/poky-agl/4.99.2/sysroots/aarch64-agl-linux     -Wl,-O1  CMakeFiles/cmTC_7d299.dir/feature_tests.cxx.o  -o cmTC_7d299 -rdynamic 
make[1]: Leaving directory '/4T/proj/github/johnxu/updatedraw/arm/CMakeFiles/CMakeTmp'


    Feature record: CXX_FEATURE:1cxx_aggregate_default_initializers
    Feature record: CXX_FEATURE:1cxx_alias_templates
    Feature record: CXX_FEATURE:1cxx_alignas
    Feature record: CXX_FEATURE:1cxx_alignof
    Feature record: CXX_FEATURE:1cxx_attributes
    Feature record: CXX_FEATURE:1cxx_attribute_deprecated
    Feature record: CXX_FEATURE:1cxx_auto_type
    Feature record: CXX_FEATURE:1cxx_binary_literals
    Feature record: CXX_FEATURE:1cxx_constexpr
    Feature record: CXX_FEATURE:1cxx_contextual_conversions
    Feature record: CXX_FEATURE:1cxx_decltype
    Feature record: CXX_FEATURE:1cxx_decltype_auto
    Feature record: CXX_FEATURE:1cxx_decltype_incomplete_return_types
    Feature record: CXX_FEATURE:1cxx_default_function_template_args
    Feature record: CXX_FEATURE:1cxx_defaulted_functions
    Feature record: CXX_FEATURE:1cxx_defaulted_move_initializers
    Feature record: CXX_FEATURE:1cxx_delegating_constructors
    Feature record: CXX_FEATURE:1cxx_deleted_functions
    Feature record: CXX_FEATURE:1cxx_digit_separators
    Feature record: CXX_FEATURE:1cxx_enum_forward_declarations
    Feature record: CXX_FEATURE:1cxx_explicit_conversions
    Feature record: CXX_FEATURE:1cxx_extended_friend_declarations
    Feature record: CXX_FEATURE:1cxx_extern_templates
    Feature record: CXX_FEATURE:1cxx_final
    Feature record: CXX_FEATURE:1cxx_func_identifier
    Feature record: CXX_FEATURE:1cxx_generalized_initializers
    Feature record: CXX_FEATURE:1cxx_generic_lambdas
    Feature record: CXX_FEATURE:1cxx_inheriting_constructors
    Feature record: CXX_FEATURE:1cxx_inline_namespaces
    Feature record: CXX_FEATURE:1cxx_lambdas
    Feature record: CXX_FEATURE:1cxx_lambda_init_captures
    Feature record: CXX_FEATURE:1cxx_local_type_template_args
    Feature record: CXX_FEATURE:1cxx_long_long_type
    Feature record: CXX_FEATURE:1cxx_noexcept
    Feature record: CXX_FEATURE:1cxx_nonstatic_member_init
    Feature record: CXX_FEATURE:1cxx_nullptr
    Feature record: CXX_FEATURE:1cxx_override
    Feature record: CXX_FEATURE:1cxx_range_for
    Feature record: CXX_FEATURE:1cxx_raw_string_literals
    Feature record: CXX_FEATURE:1cxx_reference_qualified_functions
    Feature record: CXX_FEATURE:1cxx_relaxed_constexpr
    Feature record: CXX_FEATURE:1cxx_return_type_deduction
    Feature record: CXX_FEATURE:1cxx_right_angle_brackets
    Feature record: CXX_FEATURE:1cxx_rvalue_references
    Feature record: CXX_FEATURE:1cxx_sizeof_member
    Feature record: CXX_FEATURE:1cxx_static_assert
    Feature record: CXX_FEATURE:1cxx_strong_enums
    Feature record: CXX_FEATURE:1cxx_template_template_parameters
    Feature record: CXX_FEATURE:1cxx_thread_local
    Feature record: CXX_FEATURE:1cxx_trailing_return_types
    Feature record: CXX_FEATURE:1cxx_unicode_literals
    Feature record: CXX_FEATURE:1cxx_uniform_initialization
    Feature record: CXX_FEATURE:1cxx_unrestricted_unions
    Feature record: CXX_FEATURE:1cxx_user_literals
    Feature record: CXX_FEATURE:1cxx_variable_templates
    Feature record: CXX_FEATURE:1cxx_variadic_macros
    Feature record: CXX_FEATURE:1cxx_variadic_templates


Detecting CXX [-std=c++11] compiler features compiled with the following output:
Change Dir: /4T/proj/github/johnxu/updatedraw/arm/CMakeFiles/CMakeTmp

Run Build Command:"/usr/bin/make" "cmTC_536db/fast"
/usr/bin/make -f CMakeFiles/cmTC_536db.dir/build.make CMakeFiles/cmTC_536db.dir/build
make[1]: Entering directory '/4T/proj/github/johnxu/updatedraw/arm/CMakeFiles/CMakeTmp'
Building CXX object CMakeFiles/cmTC_536db.dir/feature_tests.cxx.o
/opt/poky-agl/4.99.2/sysroots/x86_64-aglsdk-linux/usr/bin/aarch64-agl-linux/aarch64-agl-linux-g++   --sysroot=/opt/poky-agl/4.99.2/sysroots/aarch64-agl-linux    -std=c++11 -o CMakeFiles/cmTC_536db.dir/feature_tests.cxx.o -c /4T/proj/github/johnxu/updatedraw/arm/CMakeFiles/feature_tests.cxx
Linking CXX executable cmTC_536db
/opt/poky-agl/4.99.2/sysroots/x86_64-aglsdk-linux/usr/bin/cmake -E cmake_link_script CMakeFiles/cmTC_536db.dir/link.txt --verbose=1
/opt/poky-agl/4.99.2/sysroots/x86_64-aglsdk-linux/usr/bin/aarch64-agl-linux/aarch64-agl-linux-g++   --sysroot=/opt/poky-agl/4.99.2/sysroots/aarch64-agl-linux     -Wl,-O1  CMakeFiles/cmTC_536db.dir/feature_tests.cxx.o  -o cmTC_536db -rdynamic 
make[1]: Leaving directory '/4T/proj/github/johnxu/updatedraw/arm/CMakeFiles/CMakeTmp'


    Feature record: CXX_FEATURE:0cxx_aggregate_default_initializers
    Feature record: CXX_FEATURE:1cxx_alias_templates
    Feature record: CXX_FEATURE:1cxx_alignas
    Feature record: CXX_FEATURE:1cxx_alignof
    Feature record: CXX_FEATURE:1cxx_attributes
    Feature record: CXX_FEATURE:0cxx_attribute_deprecated
    Feature record: CXX_FEATURE:1cxx_auto_type
    Feature record: CXX_FEATURE:0cxx_binary_literals
    Feature record: CXX_FEATURE:1cxx_constexpr
    Feature record: CXX_FEATURE:0cxx_contextual_conversions
    Feature record: CXX_FEATURE:1cxx_decltype
    Feature record: CXX_FEATURE:0cxx_decltype_auto
    Feature record: CXX_FEATURE:1cxx_decltype_incomplete_return_types
    Feature record: CXX_FEATURE:1cxx_default_function_template_args
    Feature record: CXX_FEATURE:1cxx_defaulted_functions
    Feature record: CXX_FEATURE:1cxx_defaulted_move_initializers
    Feature record: CXX_FEATURE:1cxx_delegating_constructors
    Feature record: CXX_FEATURE:1cxx_deleted_functions
    Feature record: CXX_FEATURE:0cxx_digit_separators
    Feature record: CXX_FEATURE:1cxx_enum_forward_declarations
    Feature record: CXX_FEATURE:1cxx_explicit_conversions
    Feature record: CXX_FEATURE:1cxx_extended_friend_declarations
    Feature record: CXX_FEATURE:1cxx_extern_templates
    Feature record: CXX_FEATURE:1cxx_final
    Feature record: CXX_FEATURE:1cxx_func_identifier
    Feature record: CXX_FEATURE:1cxx_generalized_initializers
    Feature record: CXX_FEATURE:0cxx_generic_lambdas
    Feature record: CXX_FEATURE:1cxx_inheriting_constructors
    Feature record: CXX_FEATURE:1cxx_inline_namespaces
    Feature record: CXX_FEATURE:1cxx_lambdas
    Feature record: CXX_FEATURE:0cxx_lambda_init_captures
    Feature record: CXX_FEATURE:1cxx_local_type_template_args
    Feature record: CXX_FEATURE:1cxx_long_long_type
    Feature record: CXX_FEATURE:1cxx_noexcept
    Feature record: CXX_FEATURE:1cxx_nonstatic_member_init
    Feature record: CXX_FEATURE:1cxx_nullptr
    Feature record: CXX_FEATURE:1cxx_override
    Feature record: CXX_FEATURE:1cxx_range_for
    Feature record: CXX_FEATURE:1cxx_raw_string_literals
    Feature record: CXX_FEATURE:1cxx_reference_qualified_functions
    Feature record: CXX_FEATURE:0cxx_relaxed_constexpr
    Feature record: CXX_FEATURE:0cxx_return_type_deduction
    Feature record: CXX_FEATURE:1cxx_right_angle_brackets
    Feature record: CXX_FEATURE:1cxx_rvalue_references
    Feature record: CXX_FEATURE:1cxx_sizeof_member
    Feature record: CXX_FEATURE:1cxx_static_assert
    Feature record: CXX_FEATURE:1cxx_strong_enums
    Feature record: CXX_FEATURE:1cxx_template_template_parameters
    Feature record: CXX_FEATURE:1cxx_thread_local
    Feature record: CXX_FEATURE:1cxx_trailing_return_types
    Feature record: CXX_FEATURE:1cxx_unicode_literals
    Feature record: CXX_FEATURE:1cxx_uniform_initialization
    Feature record: CXX_FEATURE:1cxx_unrestricted_unions
    Feature record: CXX_FEATURE:1cxx_user_literals
    Feature record: CXX_FEATURE:0cxx_variable_templates
    Feature record: CXX_FEATURE:1cxx_variadic_macros
    Feature record: CXX_FEATURE:1cxx_variadic_templates


Detecting CXX [-std=c++98] compiler features compiled with the following output:
Change Dir: /4T/proj/github/johnxu/updatedraw/arm/CMakeFiles/CMakeTmp

Run Build Command:"/usr/bin/make" "cmTC_283c0/fast"
/usr/bin/make -f CMakeFiles/cmTC_283c0.dir/build.make CMakeFiles/cmTC_283c0.dir/build
make[1]: Entering directory '/4T/proj/github/johnxu/updatedraw/arm/CMakeFiles/CMakeTmp'
Building CXX object CMakeFiles/cmTC_283c0.dir/feature_tests.cxx.o
/opt/poky-agl/4.99.2/sysroots/x86_64-aglsdk-linux/usr/bin/aarch64-agl-linux/aarch64-agl-linux-g++   --sysroot=/opt/poky-agl/4.99.2/sysroots/aarch64-agl-linux    -std=c++98 -o CMakeFiles/cmTC_283c0.dir/feature_tests.cxx.o -c /4T/proj/github/johnxu/updatedraw/arm/CMakeFiles/feature_tests.cxx
Linking CXX executable cmTC_283c0
/opt/poky-agl/4.99.2/sysroots/x86_64-aglsdk-linux/usr/bin/cmake -E cmake_link_script CMakeFiles/cmTC_283c0.dir/link.txt --verbose=1
/opt/poky-agl/4.99.2/sysroots/x86_64-aglsdk-linux/usr/bin/aarch64-agl-linux/aarch64-agl-linux-g++   --sysroot=/opt/poky-agl/4.99.2/sysroots/aarch64-agl-linux     -Wl,-O1  CMakeFiles/cmTC_283c0.dir/feature_tests.cxx.o  -o cmTC_283c0 -rdynamic 
make[1]: Leaving directory '/4T/proj/github/johnxu/updatedraw/arm/CMakeFiles/CMakeTmp'


    Feature record: CXX_FEATURE:0cxx_aggregate_default_initializers
    Feature record: CXX_FEATURE:0cxx_alias_templates
    Feature record: CXX_FEATURE:0cxx_alignas
    Feature record: CXX_FEATURE:0cxx_alignof
    Feature record: CXX_FEATURE:0cxx_attributes
    Feature record: CXX_FEATURE:0cxx_attribute_deprecated
    Feature record: CXX_FEATURE:0cxx_auto_type
    Feature record: CXX_FEATURE:0cxx_binary_literals
    Feature record: CXX_FEATURE:0cxx_constexpr
    Feature record: CXX_FEATURE:0cxx_contextual_conversions
    Feature record: CXX_FEATURE:0cxx_decltype
    Feature record: CXX_FEATURE:0cxx_decltype_auto
    Feature record: CXX_FEATURE:0cxx_decltype_incomplete_return_types
    Feature record: CXX_FEATURE:0cxx_default_function_template_args
    Feature record: CXX_FEATURE:0cxx_defaulted_functions
    Feature record: CXX_FEATURE:0cxx_defaulted_move_initializers
    Feature record: CXX_FEATURE:0cxx_delegating_constructors
    Feature record: CXX_FEATURE:0cxx_deleted_functions
    Feature record: CXX_FEATURE:0cxx_digit_separators
    Feature record: CXX_FEATURE:0cxx_enum_forward_declarations
    Feature record: CXX_FEATURE:0cxx_explicit_conversions
    Feature record: CXX_FEATURE:0cxx_extended_friend_declarations
    Feature record: CXX_FEATURE:0cxx_extern_templates
    Feature record: CXX_FEATURE:0cxx_final
    Feature record: CXX_FEATURE:0cxx_func_identifier
    Feature record: CXX_FEATURE:0cxx_generalized_initializers
    Feature record: CXX_FEATURE:0cxx_generic_lambdas
    Feature record: CXX_FEATURE:0cxx_inheriting_constructors
    Feature record: CXX_FEATURE:0cxx_inline_namespaces
    Feature record: CXX_FEATURE:0cxx_lambdas
    Feature record: CXX_FEATURE:0cxx_lambda_init_captures
    Feature record: CXX_FEATURE:0cxx_local_type_template_args
    Feature record: CXX_FEATURE:0cxx_long_long_type
    Feature record: CXX_FEATURE:0cxx_noexcept
    Feature record: CXX_FEATURE:0cxx_nonstatic_member_init
    Feature record: CXX_FEATURE:0cxx_nullptr
    Feature record: CXX_FEATURE:0cxx_override
    Feature record: CXX_FEATURE:0cxx_range_for
    Feature record: CXX_FEATURE:0cxx_raw_string_literals
    Feature record: CXX_FEATURE:0cxx_reference_qualified_functions
    Feature record: CXX_FEATURE:0cxx_relaxed_constexpr
    Feature record: CXX_FEATURE:0cxx_return_type_deduction
    Feature record: CXX_FEATURE:0cxx_right_angle_brackets
    Feature record: CXX_FEATURE:0cxx_rvalue_references
    Feature record: CXX_FEATURE:0cxx_sizeof_member
    Feature record: CXX_FEATURE:0cxx_static_assert
    Feature record: CXX_FEATURE:0cxx_strong_enums
    Feature record: CXX_FEATURE:1cxx_template_template_parameters
    Feature record: CXX_FEATURE:0cxx_thread_local
    Feature record: CXX_FEATURE:0cxx_trailing_return_types
    Feature record: CXX_FEATURE:0cxx_unicode_literals
    Feature record: CXX_FEATURE:0cxx_uniform_initialization
    Feature record: CXX_FEATURE:0cxx_unrestricted_unions
    Feature record: CXX_FEATURE:0cxx_user_literals
    Feature record: CXX_FEATURE:0cxx_variable_templates
    Feature record: CXX_FEATURE:0cxx_variadic_macros
    Feature record: CXX_FEATURE:0cxx_variadic_templates
